<?xml version="1.0" encoding="UTF-8" ?>
<testsuites disabled="0" errors="0" failures="0" tests="7" time="0.014">
 <testsuite name="`className` management" timestamp="2020-10-01T16:28:03" hostname="localhost" time="0.014" errors="0" tests="7" skipped="0" disabled="0" failures="0">
  <testcase classname="`className` management" name="should derive a BEM compliant className for a passed nested element key" time="0" />
  <testcase classname="`className` management" name="should derive a BEM compliant className for a passed modifier key" time="0.001" />
  <testcase classname="`className` management" name="should derive not include modifiers of parents elements in nested class names" time="0.009" />
  <testcase classname="`className` management" name="should not return a className when no className has been set in the props" time="0.001" />
  <testcase classname="`className` management" name="should not generate additional class names for modifiers if selectedKeys contain element keys" time="0.001" />
  <testcase classname="`className` management" name="should return the original className when selectedKeys is not specified or empty" time="0.001" />
  <testcase classname="`className` management" name="should correctly merge modifiers with existing classNames" time="0" />
 </testsuite>
</testsuites>