<?xml version="1.0" encoding="UTF-8" ?>
<testsuites disabled="0" errors="0" failures="0" tests="4" time="0.001">
 <testsuite name="omit" timestamp="2020-10-01T16:28:03" hostname="localhost" time="0.001" errors="0" tests="4" skipped="0" disabled="0" failures="0">
  <testcase classname="omit" name="should omit values from input with given keys" time="0" />
  <testcase classname="omit" name="should omit values from input with given keys" time="0" />
  <testcase classname="omit" name="should omit values from input with given keys" time="0.001" />
  <testcase classname="omit" name="should omit values from input with given keys" time="0" />
 </testsuite>
</testsuites>