<?xml version="1.0" encoding="UTF-8" ?>
<testsuites disabled="0" errors="0" failures="0" tests="1" time="0.043">
 <testsuite name="default export" timestamp="2020-10-01T16:28:04" hostname="localhost" time="0.043" errors="0" tests="1" skipped="0" disabled="0" failures="0">
  <testcase classname="default export" name="should be usable as a hook" time="0.043" />
 </testsuite>
</testsuites>