<?xml version="1.0" encoding="UTF-8" ?>
<testsuites disabled="0" errors="0" failures="0" tests="8" time="0.003">
 <testsuite name="isPlainObject" timestamp="2020-10-01T16:28:03" hostname="localhost" time="0.003" errors="0" tests="8" skipped="0" disabled="0" failures="0">
  <testcase classname="isPlainObject" name="should check if input is object" time="0" />
  <testcase classname="isPlainObject" name="should check if input is object" time="0.001" />
  <testcase classname="isPlainObject" name="should check if input is object" time="0" />
  <testcase classname="isPlainObject" name="should check if input is object" time="0" />
  <testcase classname="isPlainObject" name="should check if input is object" time="0.001" />
  <testcase classname="isPlainObject" name="should check if input is object" time="0" />
  <testcase classname="isPlainObject" name="should check if input is object" time="0" />
  <testcase classname="isPlainObject" name="should check if input is object" time="0.001" />
 </testsuite>
</testsuites>