<?xml version="1.0" encoding="UTF-8" ?>
<testsuites disabled="0" errors="0" failures="0" tests="5" time="0.004">
 <testsuite name="merge" timestamp="2020-10-01T16:28:03" hostname="localhost" time="0.004" errors="0" tests="5" skipped="0" disabled="0" failures="0">
  <testcase classname="merge" name="should merge values from input1 + input2" time="0.002" />
  <testcase classname="merge" name="should merge values from input1 + input2" time="0.001" />
  <testcase classname="merge" name="should merge values from input1 + input2" time="0" />
  <testcase classname="merge" name="should merge values from input1 + input2" time="0.001" />
  <testcase classname="merge" name="should merge values from input1 + input2" time="0" />
 </testsuite>
</testsuites>