<?xml version="1.0" encoding="UTF-8" ?>
<testsuites disabled="0" errors="0" failures="0" tests="3" time="0.005">
 <testsuite name="memoization" timestamp="2020-10-01T16:28:04" hostname="localhost" time="0.005" errors="0" tests="3" skipped="0" disabled="0" failures="0">
  <testcase classname="memoization" name="should return the very same result for two calls with same modifiers" time="0.004" />
  <testcase classname="memoization" name="should return the very same result for two calls with same modifiers and identic default styles" time="0.001" />
  <testcase classname="memoization" name="should keep memoizing through chained substyle calls" time="0" />
 </testsuite>
</testsuites>