<?xml version="1.0" encoding="UTF-8" ?>
<testsuites disabled="0" errors="0" failures="0" tests="8" time="0.185">
 <testsuite name="useStyles" timestamp="2020-10-01T16:28:02" hostname="localhost" time="0.185" errors="0" tests="8" skipped="0" disabled="0" failures="0">
  <testcase classname="useStyles" name="should correctly apply default styles and derive class names" time="0.142" />
  <testcase classname="useStyles" name="should merge styles provided by the user with default styles" time="0.004" />
  <testcase classname="useStyles" name="should also work if a substyle instance is provided as `style`" time="0.004" />
  <testcase classname="useStyles" name="should take a modifier selection function as second argument" time="0.003" />
  <testcase classname="useStyles" name="should apply the selected modifiers also on the style supplied by the user" time="0.014" />
  <testcase classname="useStyles" name="should give precedence to styles supplied by the user, regardless the modifiers specificity" time="0.003" />
  <testcase classname="useStyles" name="should preserve styles if styling props and modifiers are shallow equal" time="0.003" />
  <testcase classname="useStyles" name="should support providing a props decorator function via context" time="0.003" />
 </testsuite>
</testsuites>